<?xml version="1.0" encoding="UTF-8"?>
<testng-results ignored="0" total="1" passed="1" failed="0" skipped="0">
  <reporter-output>
  </reporter-output>
  <suite started-at="2022-08-25T22:15:20Z" name="Default suite" finished-at="2022-08-25T22:16:01Z" duration-ms="40769">
    <groups>
    </groups>
    <test started-at="2022-08-25T22:15:20Z" name="Default test" finished-at="2022-08-25T22:16:01Z" duration-ms="40769">
      <class name="com.finalproject.FinalProject">
        <test-method is-config="true" signature="beforeTest()[pri:0, instance:com.finalproject.FinalProject@48793bef]" started-at="2022-08-25T22:15:20Z" name="beforeTest" finished-at="2022-08-25T22:15:24Z" duration-ms="3829" status="PASS">
          <reporter-output>
          </reporter-output>
        </test-method> <!-- beforeTest -->
        <test-method signature="tcfinal()[pri:0, instance:com.finalproject.FinalProject@48793bef]" started-at="2022-08-25T22:15:24Z" name="tcfinal" finished-at="2022-08-25T22:16:01Z" duration-ms="36708" status="PASS">
          <reporter-output>
          </reporter-output>
        </test-method> <!-- tcfinal -->
        <test-method is-config="true" signature="getResult(org.testng.ITestResult)[pri:0, instance:com.finalproject.FinalProject@48793bef]" started-at="2022-08-25T22:16:01Z" name="getResult" finished-at="2022-08-25T22:16:01Z" duration-ms="2" status="PASS">
          <params>
            <param index="0">
              <value>
                <![CDATA[[TestResult name=tcfinal status=SUCCESS method=FinalProject.tcfinal()[pri:0, instance:com.finalproject.FinalProject@48793bef] output={null}]]]>
              </value>
            </param>
          </params>
          <reporter-output>
          </reporter-output>
        </test-method> <!-- getResult -->
        <test-method is-config="true" signature="afterTest()[pri:0, instance:com.finalproject.FinalProject@48793bef]" started-at="2022-08-25T22:16:01Z" name="afterTest" finished-at="2022-08-25T22:16:01Z" duration-ms="216" status="PASS">
          <reporter-output>
          </reporter-output>
        </test-method> <!-- afterTest -->
      </class> <!-- com.finalproject.FinalProject -->
    </test> <!-- Default test -->
  </suite> <!-- Default suite -->
</testng-results>
