<?xml version="1.0" encoding="UTF-8"?>
<testng-results ignored="0" total="1" passed="1" failed="0" skipped="0">
  <reporter-output>
  </reporter-output>
  <suite started-at="2022-08-25T16:00:04Z" name="Default suite" finished-at="2022-08-25T16:00:36Z" duration-ms="31521">
    <groups>
    </groups>
    <test started-at="2022-08-25T16:00:04Z" name="Default test" finished-at="2022-08-25T16:00:36Z" duration-ms="31521">
      <class name="com.finalproject.FinalProject">
        <test-method is-config="true" signature="beforeTest()[pri:0, instance:com.finalproject.FinalProject@258d79be]" started-at="2022-08-25T16:00:04Z" name="beforeTest" finished-at="2022-08-25T16:00:07Z" duration-ms="3197" status="PASS">
          <reporter-output>
          </reporter-output>
        </test-method> <!-- beforeTest -->
        <test-method signature="tcfinal()[pri:0, instance:com.finalproject.FinalProject@258d79be]" started-at="2022-08-25T16:00:07Z" name="tcfinal" finished-at="2022-08-25T16:00:35Z" duration-ms="28260" status="PASS">
          <reporter-output>
          </reporter-output>
        </test-method> <!-- tcfinal -->
        <test-method is-config="true" signature="afterTest()[pri:0, instance:com.finalproject.FinalProject@258d79be]" started-at="2022-08-25T16:00:36Z" name="afterTest" finished-at="2022-08-25T16:00:36Z" duration-ms="51" status="PASS">
          <reporter-output>
          </reporter-output>
        </test-method> <!-- afterTest -->
      </class> <!-- com.finalproject.FinalProject -->
    </test> <!-- Default test -->
  </suite> <!-- Default suite -->
</testng-results>
